2017-04-30 22:13:44,458 - Log4JLogChute initialized using file 'velocity.log'
2017-04-30 22:13:44,458 - Initializing Velocity, Calling init()...
2017-04-30 22:13:44,458 - Starting Apache Velocity v1.7 (compiled: 2010-11-19 12:14:37)
2017-04-30 22:13:44,458 - Default Properties File: org\apache\velocity\runtime\defaults\velocity.properties
2017-04-30 22:13:44,458 - Trying to use logger class org.apache.velocity.runtime.log.AvalonLogChute
2017-04-30 22:13:44,458 - Target log system for org.apache.velocity.runtime.log.AvalonLogChute is not available (java.lang.NoClassDefFoundError: org/apache/log/format/Formatter).  Falling back to next log system...
2017-04-30 22:13:44,458 - Trying to use logger class org.apache.velocity.runtime.log.Log4JLogChute
2017-04-30 22:13:44,459 - Using logger class org.apache.velocity.runtime.log.Log4JLogChute
2017-04-30 22:13:44,464 - ResourceLoader instantiated: org.apache.velocity.runtime.resource.loader.ClasspathResourceLoader
2017-04-30 22:13:44,579 - ResourceCache: initialized (class org.apache.velocity.runtime.resource.ResourceCacheImpl) with class java.util.Collections$SynchronizedMap cache map.
2017-04-30 22:13:44,581 - Loaded System Directive: org.apache.velocity.runtime.directive.Stop
2017-04-30 22:13:44,582 - Loaded System Directive: org.apache.velocity.runtime.directive.Define
2017-04-30 22:13:44,583 - Loaded System Directive: org.apache.velocity.runtime.directive.Break
2017-04-30 22:13:44,584 - Loaded System Directive: org.apache.velocity.runtime.directive.Evaluate
2017-04-30 22:13:44,599 - Loaded System Directive: org.apache.velocity.runtime.directive.Literal
2017-04-30 22:13:44,602 - Loaded System Directive: org.apache.velocity.runtime.directive.Macro
2017-04-30 22:13:44,604 - Loaded System Directive: org.apache.velocity.runtime.directive.Parse
2017-04-30 22:13:44,605 - Loaded System Directive: org.apache.velocity.runtime.directive.Include
2017-04-30 22:13:44,606 - Loaded System Directive: org.apache.velocity.runtime.directive.Foreach
2017-04-30 22:13:44,697 - Created '20' parsers.
2017-04-30 22:13:44,719 - Velocimacro : "velocimacro.library" is not set.  Trying default library: VM_global_library.vm
2017-04-30 22:13:44,719 - Could not load resource 'VM_global_library.vm' from ResourceLoader org.apache.velocity.runtime.resource.loader.ClasspathResourceLoader: ClasspathResourceLoader Error: cannot find resource VM_global_library.vm
2017-04-30 22:13:44,719 - Velocimacro : Default library not found.
2017-04-30 22:13:44,719 - Velocimacro : allowInline = true : VMs can be defined inline in templates
2017-04-30 22:13:44,719 - Velocimacro : allowInlineToOverride = false : VMs defined inline may NOT replace previous VM definitions
2017-04-30 22:13:44,719 - Velocimacro : allowInlineLocal = false : VMs defined inline will be global in scope if allowed.
2017-04-30 22:13:44,720 - Velocimacro : autoload off : VM system will not automatically reload global library macros
2017-04-30 22:13:44,721 - ResourceManager : unable to find resource 'hola.html' in any resource loader.
2017-04-30 22:13:45,953 - Log4JLogChute initialized using file 'velocity.log'
2017-04-30 22:13:45,953 - Log4JLogChute initialized using file 'velocity.log'
2017-04-30 22:13:45,953 - Initializing Velocity, Calling init()...
2017-04-30 22:13:45,953 - Initializing Velocity, Calling init()...
2017-04-30 22:13:45,953 - Starting Apache Velocity v1.7 (compiled: 2010-11-19 12:14:37)
2017-04-30 22:13:45,953 - Starting Apache Velocity v1.7 (compiled: 2010-11-19 12:14:37)
2017-04-30 22:13:45,954 - Default Properties File: org\apache\velocity\runtime\defaults\velocity.properties
2017-04-30 22:13:45,954 - Default Properties File: org\apache\velocity\runtime\defaults\velocity.properties
2017-04-30 22:13:45,954 - Trying to use logger class org.apache.velocity.runtime.log.AvalonLogChute
2017-04-30 22:13:45,954 - Trying to use logger class org.apache.velocity.runtime.log.AvalonLogChute
2017-04-30 22:13:45,954 - Target log system for org.apache.velocity.runtime.log.AvalonLogChute is not available (java.lang.NoClassDefFoundError: org/apache/log/format/Formatter).  Falling back to next log system...
2017-04-30 22:13:45,954 - Target log system for org.apache.velocity.runtime.log.AvalonLogChute is not available (java.lang.NoClassDefFoundError: org/apache/log/format/Formatter).  Falling back to next log system...
2017-04-30 22:13:45,954 - Trying to use logger class org.apache.velocity.runtime.log.Log4JLogChute
2017-04-30 22:13:45,954 - Trying to use logger class org.apache.velocity.runtime.log.Log4JLogChute
2017-04-30 22:13:45,954 - Using logger class org.apache.velocity.runtime.log.Log4JLogChute
2017-04-30 22:13:45,954 - Using logger class org.apache.velocity.runtime.log.Log4JLogChute
2017-04-30 22:13:45,954 - ResourceLoader instantiated: org.apache.velocity.runtime.resource.loader.ClasspathResourceLoader
2017-04-30 22:13:45,954 - ResourceLoader instantiated: org.apache.velocity.runtime.resource.loader.ClasspathResourceLoader
2017-04-30 22:13:45,954 - ResourceCache: initialized (class org.apache.velocity.runtime.resource.ResourceCacheImpl) with class java.util.Collections$SynchronizedMap cache map.
2017-04-30 22:13:45,954 - ResourceCache: initialized (class org.apache.velocity.runtime.resource.ResourceCacheImpl) with class java.util.Collections$SynchronizedMap cache map.
2017-04-30 22:13:45,955 - Loaded System Directive: org.apache.velocity.runtime.directive.Stop
2017-04-30 22:13:45,955 - Loaded System Directive: org.apache.velocity.runtime.directive.Stop
2017-04-30 22:13:45,955 - Loaded System Directive: org.apache.velocity.runtime.directive.Define
2017-04-30 22:13:45,955 - Loaded System Directive: org.apache.velocity.runtime.directive.Define
2017-04-30 22:13:45,955 - Loaded System Directive: org.apache.velocity.runtime.directive.Break
2017-04-30 22:13:45,955 - Loaded System Directive: org.apache.velocity.runtime.directive.Break
2017-04-30 22:13:45,955 - Loaded System Directive: org.apache.velocity.runtime.directive.Evaluate
2017-04-30 22:13:45,955 - Loaded System Directive: org.apache.velocity.runtime.directive.Evaluate
2017-04-30 22:13:45,955 - Loaded System Directive: org.apache.velocity.runtime.directive.Literal
2017-04-30 22:13:45,955 - Loaded System Directive: org.apache.velocity.runtime.directive.Literal
2017-04-30 22:13:45,955 - Loaded System Directive: org.apache.velocity.runtime.directive.Macro
2017-04-30 22:13:45,955 - Loaded System Directive: org.apache.velocity.runtime.directive.Macro
2017-04-30 22:13:45,955 - Loaded System Directive: org.apache.velocity.runtime.directive.Parse
2017-04-30 22:13:45,955 - Loaded System Directive: org.apache.velocity.runtime.directive.Parse
2017-04-30 22:13:45,955 - Loaded System Directive: org.apache.velocity.runtime.directive.Include
2017-04-30 22:13:45,955 - Loaded System Directive: org.apache.velocity.runtime.directive.Include
2017-04-30 22:13:45,956 - Loaded System Directive: org.apache.velocity.runtime.directive.Foreach
2017-04-30 22:13:45,956 - Loaded System Directive: org.apache.velocity.runtime.directive.Foreach
2017-04-30 22:13:45,961 - Created '20' parsers.
2017-04-30 22:13:45,961 - Created '20' parsers.
2017-04-30 22:13:45,961 - Velocimacro : "velocimacro.library" is not set.  Trying default library: VM_global_library.vm
2017-04-30 22:13:45,961 - Velocimacro : "velocimacro.library" is not set.  Trying default library: VM_global_library.vm
2017-04-30 22:13:45,962 - Could not load resource 'VM_global_library.vm' from ResourceLoader org.apache.velocity.runtime.resource.loader.ClasspathResourceLoader: ClasspathResourceLoader Error: cannot find resource VM_global_library.vm
2017-04-30 22:13:45,962 - Could not load resource 'VM_global_library.vm' from ResourceLoader org.apache.velocity.runtime.resource.loader.ClasspathResourceLoader: ClasspathResourceLoader Error: cannot find resource VM_global_library.vm
2017-04-30 22:13:45,962 - Velocimacro : Default library not found.
2017-04-30 22:13:45,962 - Velocimacro : Default library not found.
2017-04-30 22:13:45,962 - Velocimacro : allowInline = true : VMs can be defined inline in templates
2017-04-30 22:13:45,962 - Velocimacro : allowInline = true : VMs can be defined inline in templates
2017-04-30 22:13:45,962 - Velocimacro : allowInlineToOverride = false : VMs defined inline may NOT replace previous VM definitions
2017-04-30 22:13:45,962 - Velocimacro : allowInlineToOverride = false : VMs defined inline may NOT replace previous VM definitions
2017-04-30 22:13:45,962 - Velocimacro : allowInlineLocal = false : VMs defined inline will be global in scope if allowed.
2017-04-30 22:13:45,962 - Velocimacro : allowInlineLocal = false : VMs defined inline will be global in scope if allowed.
2017-04-30 22:13:45,962 - Velocimacro : autoload off : VM system will not automatically reload global library macros
2017-04-30 22:13:45,962 - Velocimacro : autoload off : VM system will not automatically reload global library macros
2017-04-30 22:13:45,964 - ResourceManager : unable to find resource 'hola.html' in any resource loader.
2017-04-30 22:13:45,964 - ResourceManager : unable to find resource 'hola.html' in any resource loader.
2017-04-30 22:13:46,116 - Log4JLogChute initialized using file 'velocity.log'
2017-04-30 22:13:46,116 - Log4JLogChute initialized using file 'velocity.log'
2017-04-30 22:13:46,116 - Log4JLogChute initialized using file 'velocity.log'
2017-04-30 22:13:46,117 - Initializing Velocity, Calling init()...
2017-04-30 22:13:46,117 - Initializing Velocity, Calling init()...
2017-04-30 22:13:46,117 - Initializing Velocity, Calling init()...
2017-04-30 22:13:46,117 - Starting Apache Velocity v1.7 (compiled: 2010-11-19 12:14:37)
2017-04-30 22:13:46,117 - Starting Apache Velocity v1.7 (compiled: 2010-11-19 12:14:37)
2017-04-30 22:13:46,117 - Starting Apache Velocity v1.7 (compiled: 2010-11-19 12:14:37)
2017-04-30 22:13:46,117 - Default Properties File: org\apache\velocity\runtime\defaults\velocity.properties
2017-04-30 22:13:46,117 - Default Properties File: org\apache\velocity\runtime\defaults\velocity.properties
2017-04-30 22:13:46,117 - Default Properties File: org\apache\velocity\runtime\defaults\velocity.properties
2017-04-30 22:13:46,117 - Trying to use logger class org.apache.velocity.runtime.log.AvalonLogChute
2017-04-30 22:13:46,117 - Trying to use logger class org.apache.velocity.runtime.log.AvalonLogChute
2017-04-30 22:13:46,117 - Trying to use logger class org.apache.velocity.runtime.log.AvalonLogChute
2017-04-30 22:13:46,117 - Target log system for org.apache.velocity.runtime.log.AvalonLogChute is not available (java.lang.NoClassDefFoundError: org/apache/log/format/Formatter).  Falling back to next log system...
2017-04-30 22:13:46,117 - Target log system for org.apache.velocity.runtime.log.AvalonLogChute is not available (java.lang.NoClassDefFoundError: org/apache/log/format/Formatter).  Falling back to next log system...
2017-04-30 22:13:46,117 - Target log system for org.apache.velocity.runtime.log.AvalonLogChute is not available (java.lang.NoClassDefFoundError: org/apache/log/format/Formatter).  Falling back to next log system...
2017-04-30 22:13:46,117 - Trying to use logger class org.apache.velocity.runtime.log.Log4JLogChute
2017-04-30 22:13:46,117 - Trying to use logger class org.apache.velocity.runtime.log.Log4JLogChute
2017-04-30 22:13:46,117 - Trying to use logger class org.apache.velocity.runtime.log.Log4JLogChute
2017-04-30 22:13:46,117 - Using logger class org.apache.velocity.runtime.log.Log4JLogChute
2017-04-30 22:13:46,117 - Using logger class org.apache.velocity.runtime.log.Log4JLogChute
2017-04-30 22:13:46,117 - Using logger class org.apache.velocity.runtime.log.Log4JLogChute
2017-04-30 22:13:46,117 - ResourceLoader instantiated: org.apache.velocity.runtime.resource.loader.ClasspathResourceLoader
2017-04-30 22:13:46,117 - ResourceLoader instantiated: org.apache.velocity.runtime.resource.loader.ClasspathResourceLoader
2017-04-30 22:13:46,117 - ResourceLoader instantiated: org.apache.velocity.runtime.resource.loader.ClasspathResourceLoader
2017-04-30 22:13:46,118 - ResourceCache: initialized (class org.apache.velocity.runtime.resource.ResourceCacheImpl) with class java.util.Collections$SynchronizedMap cache map.
2017-04-30 22:13:46,118 - ResourceCache: initialized (class org.apache.velocity.runtime.resource.ResourceCacheImpl) with class java.util.Collections$SynchronizedMap cache map.
2017-04-30 22:13:46,118 - ResourceCache: initialized (class org.apache.velocity.runtime.resource.ResourceCacheImpl) with class java.util.Collections$SynchronizedMap cache map.
2017-04-30 22:13:46,121 - Loaded System Directive: org.apache.velocity.runtime.directive.Stop
2017-04-30 22:13:46,121 - Loaded System Directive: org.apache.velocity.runtime.directive.Stop
2017-04-30 22:13:46,121 - Loaded System Directive: org.apache.velocity.runtime.directive.Stop
2017-04-30 22:13:46,121 - Loaded System Directive: org.apache.velocity.runtime.directive.Define
2017-04-30 22:13:46,121 - Loaded System Directive: org.apache.velocity.runtime.directive.Define
2017-04-30 22:13:46,121 - Loaded System Directive: org.apache.velocity.runtime.directive.Define
2017-04-30 22:13:46,122 - Loaded System Directive: org.apache.velocity.runtime.directive.Break
2017-04-30 22:13:46,122 - Loaded System Directive: org.apache.velocity.runtime.directive.Break
2017-04-30 22:13:46,122 - Loaded System Directive: org.apache.velocity.runtime.directive.Break
2017-04-30 22:13:46,122 - Loaded System Directive: org.apache.velocity.runtime.directive.Evaluate
2017-04-30 22:13:46,122 - Loaded System Directive: org.apache.velocity.runtime.directive.Evaluate
2017-04-30 22:13:46,122 - Loaded System Directive: org.apache.velocity.runtime.directive.Evaluate
2017-04-30 22:13:46,122 - Loaded System Directive: org.apache.velocity.runtime.directive.Literal
2017-04-30 22:13:46,122 - Loaded System Directive: org.apache.velocity.runtime.directive.Literal
2017-04-30 22:13:46,122 - Loaded System Directive: org.apache.velocity.runtime.directive.Literal
2017-04-30 22:13:46,122 - Loaded System Directive: org.apache.velocity.runtime.directive.Macro
2017-04-30 22:13:46,122 - Loaded System Directive: org.apache.velocity.runtime.directive.Macro
2017-04-30 22:13:46,122 - Loaded System Directive: org.apache.velocity.runtime.directive.Macro
2017-04-30 22:13:46,122 - Loaded System Directive: org.apache.velocity.runtime.directive.Parse
2017-04-30 22:13:46,122 - Loaded System Directive: org.apache.velocity.runtime.directive.Parse
2017-04-30 22:13:46,122 - Loaded System Directive: org.apache.velocity.runtime.directive.Parse
2017-04-30 22:13:46,122 - Loaded System Directive: org.apache.velocity.runtime.directive.Include
2017-04-30 22:13:46,122 - Loaded System Directive: org.apache.velocity.runtime.directive.Include
2017-04-30 22:13:46,122 - Loaded System Directive: org.apache.velocity.runtime.directive.Include
2017-04-30 22:13:46,122 - Loaded System Directive: org.apache.velocity.runtime.directive.Foreach
2017-04-30 22:13:46,122 - Loaded System Directive: org.apache.velocity.runtime.directive.Foreach
2017-04-30 22:13:46,122 - Loaded System Directive: org.apache.velocity.runtime.directive.Foreach
2017-04-30 22:13:46,124 - Created '20' parsers.
2017-04-30 22:13:46,124 - Created '20' parsers.
2017-04-30 22:13:46,124 - Created '20' parsers.
2017-04-30 22:13:46,124 - Velocimacro : "velocimacro.library" is not set.  Trying default library: VM_global_library.vm
2017-04-30 22:13:46,124 - Velocimacro : "velocimacro.library" is not set.  Trying default library: VM_global_library.vm
2017-04-30 22:13:46,124 - Velocimacro : "velocimacro.library" is not set.  Trying default library: VM_global_library.vm
2017-04-30 22:13:46,125 - Could not load resource 'VM_global_library.vm' from ResourceLoader org.apache.velocity.runtime.resource.loader.ClasspathResourceLoader: ClasspathResourceLoader Error: cannot find resource VM_global_library.vm
2017-04-30 22:13:46,125 - Could not load resource 'VM_global_library.vm' from ResourceLoader org.apache.velocity.runtime.resource.loader.ClasspathResourceLoader: ClasspathResourceLoader Error: cannot find resource VM_global_library.vm
2017-04-30 22:13:46,125 - Could not load resource 'VM_global_library.vm' from ResourceLoader org.apache.velocity.runtime.resource.loader.ClasspathResourceLoader: ClasspathResourceLoader Error: cannot find resource VM_global_library.vm
2017-04-30 22:13:46,125 - Velocimacro : Default library not found.
2017-04-30 22:13:46,125 - Velocimacro : Default library not found.
2017-04-30 22:13:46,125 - Velocimacro : Default library not found.
2017-04-30 22:13:46,125 - Velocimacro : allowInline = true : VMs can be defined inline in templates
2017-04-30 22:13:46,125 - Velocimacro : allowInline = true : VMs can be defined inline in templates
2017-04-30 22:13:46,125 - Velocimacro : allowInline = true : VMs can be defined inline in templates
2017-04-30 22:13:46,125 - Velocimacro : allowInlineToOverride = false : VMs defined inline may NOT replace previous VM definitions
2017-04-30 22:13:46,125 - Velocimacro : allowInlineToOverride = false : VMs defined inline may NOT replace previous VM definitions
2017-04-30 22:13:46,125 - Velocimacro : allowInlineToOverride = false : VMs defined inline may NOT replace previous VM definitions
2017-04-30 22:13:46,125 - Velocimacro : allowInlineLocal = false : VMs defined inline will be global in scope if allowed.
2017-04-30 22:13:46,125 - Velocimacro : allowInlineLocal = false : VMs defined inline will be global in scope if allowed.
2017-04-30 22:13:46,125 - Velocimacro : allowInlineLocal = false : VMs defined inline will be global in scope if allowed.
2017-04-30 22:13:46,125 - Velocimacro : autoload off : VM system will not automatically reload global library macros
2017-04-30 22:13:46,125 - Velocimacro : autoload off : VM system will not automatically reload global library macros
2017-04-30 22:13:46,125 - Velocimacro : autoload off : VM system will not automatically reload global library macros
2017-04-30 22:13:46,126 - ResourceManager : unable to find resource 'hola.html' in any resource loader.
2017-04-30 22:13:46,126 - ResourceManager : unable to find resource 'hola.html' in any resource loader.
2017-04-30 22:13:46,126 - ResourceManager : unable to find resource 'hola.html' in any resource loader.
2017-04-30 22:13:46,775 - Log4JLogChute initialized using file 'velocity.log'
2017-04-30 22:13:46,775 - Log4JLogChute initialized using file 'velocity.log'
2017-04-30 22:13:46,775 - Log4JLogChute initialized using file 'velocity.log'
2017-04-30 22:13:46,775 - Initializing Velocity, Calling init()...
2017-04-30 22:13:46,775 - Initializing Velocity, Calling init()...
2017-04-30 22:13:46,775 - Initializing Velocity, Calling init()...
2017-04-30 22:13:46,775 - Starting Apache Velocity v1.7 (compiled: 2010-11-19 12:14:37)
2017-04-30 22:13:46,775 - Starting Apache Velocity v1.7 (compiled: 2010-11-19 12:14:37)
2017-04-30 22:13:46,775 - Starting Apache Velocity v1.7 (compiled: 2010-11-19 12:14:37)
2017-04-30 22:13:46,776 - Default Properties File: org\apache\velocity\runtime\defaults\velocity.properties
2017-04-30 22:13:46,776 - Default Properties File: org\apache\velocity\runtime\defaults\velocity.properties
2017-04-30 22:13:46,776 - Default Properties File: org\apache\velocity\runtime\defaults\velocity.properties
2017-04-30 22:13:46,776 - Trying to use logger class org.apache.velocity.runtime.log.AvalonLogChute
2017-04-30 22:13:46,776 - Trying to use logger class org.apache.velocity.runtime.log.AvalonLogChute
2017-04-30 22:13:46,776 - Trying to use logger class org.apache.velocity.runtime.log.AvalonLogChute
2017-04-30 22:13:46,776 - Target log system for org.apache.velocity.runtime.log.AvalonLogChute is not available (java.lang.NoClassDefFoundError: org/apache/log/format/Formatter).  Falling back to next log system...
2017-04-30 22:13:46,776 - Target log system for org.apache.velocity.runtime.log.AvalonLogChute is not available (java.lang.NoClassDefFoundError: org/apache/log/format/Formatter).  Falling back to next log system...
2017-04-30 22:13:46,776 - Target log system for org.apache.velocity.runtime.log.AvalonLogChute is not available (java.lang.NoClassDefFoundError: org/apache/log/format/Formatter).  Falling back to next log system...
2017-04-30 22:13:46,776 - Trying to use logger class org.apache.velocity.runtime.log.Log4JLogChute
2017-04-30 22:13:46,776 - Trying to use logger class org.apache.velocity.runtime.log.Log4JLogChute
2017-04-30 22:13:46,776 - Trying to use logger class org.apache.velocity.runtime.log.Log4JLogChute
2017-04-30 22:13:46,776 - Using logger class org.apache.velocity.runtime.log.Log4JLogChute
2017-04-30 22:13:46,776 - Using logger class org.apache.velocity.runtime.log.Log4JLogChute
2017-04-30 22:13:46,776 - Using logger class org.apache.velocity.runtime.log.Log4JLogChute
2017-04-30 22:13:46,776 - ResourceLoader instantiated: org.apache.velocity.runtime.resource.loader.ClasspathResourceLoader
2017-04-30 22:13:46,776 - ResourceLoader instantiated: org.apache.velocity.runtime.resource.loader.ClasspathResourceLoader
2017-04-30 22:13:46,776 - ResourceLoader instantiated: org.apache.velocity.runtime.resource.loader.ClasspathResourceLoader
2017-04-30 22:13:46,776 - ResourceCache: initialized (class org.apache.velocity.runtime.resource.ResourceCacheImpl) with class java.util.Collections$SynchronizedMap cache map.
2017-04-30 22:13:46,776 - ResourceCache: initialized (class org.apache.velocity.runtime.resource.ResourceCacheImpl) with class java.util.Collections$SynchronizedMap cache map.
2017-04-30 22:13:46,776 - ResourceCache: initialized (class org.apache.velocity.runtime.resource.ResourceCacheImpl) with class java.util.Collections$SynchronizedMap cache map.
2017-04-30 22:13:46,777 - Loaded System Directive: org.apache.velocity.runtime.directive.Stop
2017-04-30 22:13:46,777 - Loaded System Directive: org.apache.velocity.runtime.directive.Stop
2017-04-30 22:13:46,777 - Loaded System Directive: org.apache.velocity.runtime.directive.Stop
2017-04-30 22:13:46,777 - Loaded System Directive: org.apache.velocity.runtime.directive.Define
2017-04-30 22:13:46,777 - Loaded System Directive: org.apache.velocity.runtime.directive.Define
2017-04-30 22:13:46,777 - Loaded System Directive: org.apache.velocity.runtime.directive.Define
2017-04-30 22:13:46,777 - Loaded System Directive: org.apache.velocity.runtime.directive.Break
2017-04-30 22:13:46,777 - Loaded System Directive: org.apache.velocity.runtime.directive.Break
2017-04-30 22:13:46,777 - Loaded System Directive: org.apache.velocity.runtime.directive.Break
2017-04-30 22:13:46,777 - Loaded System Directive: org.apache.velocity.runtime.directive.Evaluate
2017-04-30 22:13:46,777 - Loaded System Directive: org.apache.velocity.runtime.directive.Evaluate
2017-04-30 22:13:46,777 - Loaded System Directive: org.apache.velocity.runtime.directive.Evaluate
2017-04-30 22:13:46,777 - Loaded System Directive: org.apache.velocity.runtime.directive.Literal
2017-04-30 22:13:46,777 - Loaded System Directive: org.apache.velocity.runtime.directive.Literal
2017-04-30 22:13:46,777 - Loaded System Directive: org.apache.velocity.runtime.directive.Literal
2017-04-30 22:13:46,777 - Loaded System Directive: org.apache.velocity.runtime.directive.Macro
2017-04-30 22:13:46,777 - Loaded System Directive: org.apache.velocity.runtime.directive.Macro
2017-04-30 22:13:46,777 - Loaded System Directive: org.apache.velocity.runtime.directive.Macro
2017-04-30 22:13:46,777 - Loaded System Directive: org.apache.velocity.runtime.directive.Parse
2017-04-30 22:13:46,777 - Loaded System Directive: org.apache.velocity.runtime.directive.Parse
2017-04-30 22:13:46,777 - Loaded System Directive: org.apache.velocity.runtime.directive.Parse
2017-04-30 22:13:46,778 - Loaded System Directive: org.apache.velocity.runtime.directive.Include
2017-04-30 22:13:46,778 - Loaded System Directive: org.apache.velocity.runtime.directive.Include
2017-04-30 22:13:46,778 - Loaded System Directive: org.apache.velocity.runtime.directive.Include
2017-04-30 22:13:46,778 - Loaded System Directive: org.apache.velocity.runtime.directive.Foreach
2017-04-30 22:13:46,778 - Loaded System Directive: org.apache.velocity.runtime.directive.Foreach
2017-04-30 22:13:46,778 - Loaded System Directive: org.apache.velocity.runtime.directive.Foreach
2017-04-30 22:13:46,779 - Created '20' parsers.
2017-04-30 22:13:46,779 - Created '20' parsers.
2017-04-30 22:13:46,779 - Created '20' parsers.
2017-04-30 22:13:46,779 - Velocimacro : "velocimacro.library" is not set.  Trying default library: VM_global_library.vm
2017-04-30 22:13:46,779 - Velocimacro : "velocimacro.library" is not set.  Trying default library: VM_global_library.vm
2017-04-30 22:13:46,779 - Velocimacro : "velocimacro.library" is not set.  Trying default library: VM_global_library.vm
2017-04-30 22:13:46,780 - Could not load resource 'VM_global_library.vm' from ResourceLoader org.apache.velocity.runtime.resource.loader.ClasspathResourceLoader: ClasspathResourceLoader Error: cannot find resource VM_global_library.vm
2017-04-30 22:13:46,780 - Could not load resource 'VM_global_library.vm' from ResourceLoader org.apache.velocity.runtime.resource.loader.ClasspathResourceLoader: ClasspathResourceLoader Error: cannot find resource VM_global_library.vm
2017-04-30 22:13:46,780 - Could not load resource 'VM_global_library.vm' from ResourceLoader org.apache.velocity.runtime.resource.loader.ClasspathResourceLoader: ClasspathResourceLoader Error: cannot find resource VM_global_library.vm
2017-04-30 22:13:46,780 - Velocimacro : Default library not found.
2017-04-30 22:13:46,780 - Velocimacro : Default library not found.
2017-04-30 22:13:46,780 - Velocimacro : Default library not found.
2017-04-30 22:13:46,780 - Velocimacro : allowInline = true : VMs can be defined inline in templates
2017-04-30 22:13:46,780 - Velocimacro : allowInline = true : VMs can be defined inline in templates
2017-04-30 22:13:46,780 - Velocimacro : allowInline = true : VMs can be defined inline in templates
2017-04-30 22:13:46,780 - Velocimacro : allowInlineToOverride = false : VMs defined inline may NOT replace previous VM definitions
2017-04-30 22:13:46,780 - Velocimacro : allowInlineToOverride = false : VMs defined inline may NOT replace previous VM definitions
2017-04-30 22:13:46,780 - Velocimacro : allowInlineToOverride = false : VMs defined inline may NOT replace previous VM definitions
2017-04-30 22:13:46,780 - Velocimacro : allowInlineLocal = false : VMs defined inline will be global in scope if allowed.
2017-04-30 22:13:46,780 - Velocimacro : allowInlineLocal = false : VMs defined inline will be global in scope if allowed.
2017-04-30 22:13:46,780 - Velocimacro : allowInlineLocal = false : VMs defined inline will be global in scope if allowed.
2017-04-30 22:13:46,780 - Velocimacro : autoload off : VM system will not automatically reload global library macros
2017-04-30 22:13:46,780 - Velocimacro : autoload off : VM system will not automatically reload global library macros
2017-04-30 22:13:46,780 - Velocimacro : autoload off : VM system will not automatically reload global library macros
2017-04-30 22:13:46,780 - ResourceManager : unable to find resource 'hola.html' in any resource loader.
2017-04-30 22:13:46,780 - ResourceManager : unable to find resource 'hola.html' in any resource loader.
2017-04-30 22:13:46,780 - ResourceManager : unable to find resource 'hola.html' in any resource loader.
2017-04-30 22:13:46,967 - Log4JLogChute initialized using file 'velocity.log'
2017-04-30 22:13:46,967 - Log4JLogChute initialized using file 'velocity.log'
2017-04-30 22:13:46,967 - Log4JLogChute initialized using file 'velocity.log'
2017-04-30 22:13:46,967 - Log4JLogChute initialized using file 'velocity.log'
2017-04-30 22:13:46,967 - Initializing Velocity, Calling init()...
2017-04-30 22:13:46,967 - Initializing Velocity, Calling init()...
2017-04-30 22:13:46,967 - Initializing Velocity, Calling init()...
2017-04-30 22:13:46,967 - Initializing Velocity, Calling init()...
2017-04-30 22:13:46,968 - Starting Apache Velocity v1.7 (compiled: 2010-11-19 12:14:37)
2017-04-30 22:13:46,968 - Starting Apache Velocity v1.7 (compiled: 2010-11-19 12:14:37)
2017-04-30 22:13:46,968 - Starting Apache Velocity v1.7 (compiled: 2010-11-19 12:14:37)
2017-04-30 22:13:46,968 - Starting Apache Velocity v1.7 (compiled: 2010-11-19 12:14:37)
2017-04-30 22:13:46,975 - Default Properties File: org\apache\velocity\runtime\defaults\velocity.properties
2017-04-30 22:13:46,975 - Default Properties File: org\apache\velocity\runtime\defaults\velocity.properties
2017-04-30 22:13:46,975 - Default Properties File: org\apache\velocity\runtime\defaults\velocity.properties
2017-04-30 22:13:46,975 - Default Properties File: org\apache\velocity\runtime\defaults\velocity.properties
2017-04-30 22:13:46,976 - Trying to use logger class org.apache.velocity.runtime.log.AvalonLogChute
2017-04-30 22:13:46,976 - Trying to use logger class org.apache.velocity.runtime.log.AvalonLogChute
2017-04-30 22:13:46,976 - Trying to use logger class org.apache.velocity.runtime.log.AvalonLogChute
2017-04-30 22:13:46,976 - Trying to use logger class org.apache.velocity.runtime.log.AvalonLogChute
2017-04-30 22:13:46,976 - Target log system for org.apache.velocity.runtime.log.AvalonLogChute is not available (java.lang.NoClassDefFoundError: org/apache/log/format/Formatter).  Falling back to next log system...
2017-04-30 22:13:46,976 - Target log system for org.apache.velocity.runtime.log.AvalonLogChute is not available (java.lang.NoClassDefFoundError: org/apache/log/format/Formatter).  Falling back to next log system...
2017-04-30 22:13:46,976 - Target log system for org.apache.velocity.runtime.log.AvalonLogChute is not available (java.lang.NoClassDefFoundError: org/apache/log/format/Formatter).  Falling back to next log system...
2017-04-30 22:13:46,976 - Target log system for org.apache.velocity.runtime.log.AvalonLogChute is not available (java.lang.NoClassDefFoundError: org/apache/log/format/Formatter).  Falling back to next log system...
2017-04-30 22:13:46,976 - Trying to use logger class org.apache.velocity.runtime.log.Log4JLogChute
2017-04-30 22:13:46,976 - Trying to use logger class org.apache.velocity.runtime.log.Log4JLogChute
2017-04-30 22:13:46,976 - Trying to use logger class org.apache.velocity.runtime.log.Log4JLogChute
2017-04-30 22:13:46,976 - Trying to use logger class org.apache.velocity.runtime.log.Log4JLogChute
2017-04-30 22:13:46,976 - Using logger class org.apache.velocity.runtime.log.Log4JLogChute
2017-04-30 22:13:46,976 - Using logger class org.apache.velocity.runtime.log.Log4JLogChute
2017-04-30 22:13:46,976 - Using logger class org.apache.velocity.runtime.log.Log4JLogChute
2017-04-30 22:13:46,976 - Using logger class org.apache.velocity.runtime.log.Log4JLogChute
2017-04-30 22:13:46,976 - ResourceLoader instantiated: org.apache.velocity.runtime.resource.loader.ClasspathResourceLoader
2017-04-30 22:13:46,976 - ResourceLoader instantiated: org.apache.velocity.runtime.resource.loader.ClasspathResourceLoader
2017-04-30 22:13:46,976 - ResourceLoader instantiated: org.apache.velocity.runtime.resource.loader.ClasspathResourceLoader
2017-04-30 22:13:46,976 - ResourceLoader instantiated: org.apache.velocity.runtime.resource.loader.ClasspathResourceLoader
2017-04-30 22:13:46,977 - ResourceCache: initialized (class org.apache.velocity.runtime.resource.ResourceCacheImpl) with class java.util.Collections$SynchronizedMap cache map.
2017-04-30 22:13:46,977 - ResourceCache: initialized (class org.apache.velocity.runtime.resource.ResourceCacheImpl) with class java.util.Collections$SynchronizedMap cache map.
2017-04-30 22:13:46,977 - ResourceCache: initialized (class org.apache.velocity.runtime.resource.ResourceCacheImpl) with class java.util.Collections$SynchronizedMap cache map.
2017-04-30 22:13:46,977 - ResourceCache: initialized (class org.apache.velocity.runtime.resource.ResourceCacheImpl) with class java.util.Collections$SynchronizedMap cache map.
2017-04-30 22:13:46,977 - Loaded System Directive: org.apache.velocity.runtime.directive.Stop
2017-04-30 22:13:46,977 - Loaded System Directive: org.apache.velocity.runtime.directive.Stop
2017-04-30 22:13:46,977 - Loaded System Directive: org.apache.velocity.runtime.directive.Stop
2017-04-30 22:13:46,977 - Loaded System Directive: org.apache.velocity.runtime.directive.Stop
2017-04-30 22:13:46,978 - Loaded System Directive: org.apache.velocity.runtime.directive.Define
2017-04-30 22:13:46,978 - Loaded System Directive: org.apache.velocity.runtime.directive.Define
2017-04-30 22:13:46,978 - Loaded System Directive: org.apache.velocity.runtime.directive.Define
2017-04-30 22:13:46,978 - Loaded System Directive: org.apache.velocity.runtime.directive.Define
2017-04-30 22:13:46,978 - Loaded System Directive: org.apache.velocity.runtime.directive.Break
2017-04-30 22:13:46,978 - Loaded System Directive: org.apache.velocity.runtime.directive.Break
2017-04-30 22:13:46,978 - Loaded System Directive: org.apache.velocity.runtime.directive.Break
2017-04-30 22:13:46,978 - Loaded System Directive: org.apache.velocity.runtime.directive.Break
2017-04-30 22:13:46,978 - Loaded System Directive: org.apache.velocity.runtime.directive.Evaluate
2017-04-30 22:13:46,978 - Loaded System Directive: org.apache.velocity.runtime.directive.Evaluate
2017-04-30 22:13:46,978 - Loaded System Directive: org.apache.velocity.runtime.directive.Evaluate
2017-04-30 22:13:46,978 - Loaded System Directive: org.apache.velocity.runtime.directive.Evaluate
2017-04-30 22:13:46,978 - Loaded System Directive: org.apache.velocity.runtime.directive.Literal
2017-04-30 22:13:46,978 - Loaded System Directive: org.apache.velocity.runtime.directive.Literal
2017-04-30 22:13:46,978 - Loaded System Directive: org.apache.velocity.runtime.directive.Literal
2017-04-30 22:13:46,978 - Loaded System Directive: org.apache.velocity.runtime.directive.Literal
2017-04-30 22:13:46,978 - Loaded System Directive: org.apache.velocity.runtime.directive.Macro
2017-04-30 22:13:46,978 - Loaded System Directive: org.apache.velocity.runtime.directive.Macro
2017-04-30 22:13:46,978 - Loaded System Directive: org.apache.velocity.runtime.directive.Macro
2017-04-30 22:13:46,978 - Loaded System Directive: org.apache.velocity.runtime.directive.Macro
2017-04-30 22:13:46,978 - Loaded System Directive: org.apache.velocity.runtime.directive.Parse
2017-04-30 22:13:46,978 - Loaded System Directive: org.apache.velocity.runtime.directive.Parse
2017-04-30 22:13:46,978 - Loaded System Directive: org.apache.velocity.runtime.directive.Parse
2017-04-30 22:13:46,978 - Loaded System Directive: org.apache.velocity.runtime.directive.Parse
2017-04-30 22:13:46,978 - Loaded System Directive: org.apache.velocity.runtime.directive.Include
2017-04-30 22:13:46,978 - Loaded System Directive: org.apache.velocity.runtime.directive.Include
2017-04-30 22:13:46,978 - Loaded System Directive: org.apache.velocity.runtime.directive.Include
2017-04-30 22:13:46,978 - Loaded System Directive: org.apache.velocity.runtime.directive.Include
2017-04-30 22:13:46,978 - Loaded System Directive: org.apache.velocity.runtime.directive.Foreach
2017-04-30 22:13:46,978 - Loaded System Directive: org.apache.velocity.runtime.directive.Foreach
2017-04-30 22:13:46,978 - Loaded System Directive: org.apache.velocity.runtime.directive.Foreach
2017-04-30 22:13:46,978 - Loaded System Directive: org.apache.velocity.runtime.directive.Foreach
2017-04-30 22:13:47,018 - Created '20' parsers.
2017-04-30 22:13:47,018 - Created '20' parsers.
2017-04-30 22:13:47,018 - Created '20' parsers.
2017-04-30 22:13:47,018 - Created '20' parsers.
2017-04-30 22:13:47,019 - Velocimacro : "velocimacro.library" is not set.  Trying default library: VM_global_library.vm
2017-04-30 22:13:47,019 - Velocimacro : "velocimacro.library" is not set.  Trying default library: VM_global_library.vm
2017-04-30 22:13:47,019 - Velocimacro : "velocimacro.library" is not set.  Trying default library: VM_global_library.vm
2017-04-30 22:13:47,019 - Velocimacro : "velocimacro.library" is not set.  Trying default library: VM_global_library.vm
2017-04-30 22:13:47,022 - Could not load resource 'VM_global_library.vm' from ResourceLoader org.apache.velocity.runtime.resource.loader.ClasspathResourceLoader: ClasspathResourceLoader Error: cannot find resource VM_global_library.vm
2017-04-30 22:13:47,022 - Velocimacro : Default library not found.
2017-04-30 22:13:47,022 - Velocimacro : allowInline = true : VMs can be defined inline in templates
2017-04-30 22:13:47,022 - Velocimacro : allowInlineToOverride = false : VMs defined inline may NOT replace previous VM definitions
2017-04-30 22:13:47,022 - Velocimacro : allowInlineLocal = false : VMs defined inline will be global in scope if allowed.
2017-04-30 22:13:47,022 - Velocimacro : autoload off : VM system will not automatically reload global library macros
2017-04-30 22:13:47,023 - ResourceManager : unable to find resource 'hola.html' in any resource loader.
2017-04-30 22:13:47,233 - Log4JLogChute initialized using file 'velocity.log'
2017-04-30 22:13:47,233 - Log4JLogChute initialized using file 'velocity.log'
2017-04-30 22:13:47,234 - Initializing Velocity, Calling init()...
2017-04-30 22:13:47,234 - Initializing Velocity, Calling init()...
2017-04-30 22:13:47,234 - Starting Apache Velocity v1.7 (compiled: 2010-11-19 12:14:37)
2017-04-30 22:13:47,234 - Starting Apache Velocity v1.7 (compiled: 2010-11-19 12:14:37)
2017-04-30 22:13:47,234 - Default Properties File: org\apache\velocity\runtime\defaults\velocity.properties
2017-04-30 22:13:47,234 - Default Properties File: org\apache\velocity\runtime\defaults\velocity.properties
2017-04-30 22:13:47,234 - Trying to use logger class org.apache.velocity.runtime.log.AvalonLogChute
2017-04-30 22:13:47,234 - Trying to use logger class org.apache.velocity.runtime.log.AvalonLogChute
2017-04-30 22:13:47,234 - Target log system for org.apache.velocity.runtime.log.AvalonLogChute is not available (java.lang.NoClassDefFoundError: org/apache/log/format/Formatter).  Falling back to next log system...
2017-04-30 22:13:47,234 - Target log system for org.apache.velocity.runtime.log.AvalonLogChute is not available (java.lang.NoClassDefFoundError: org/apache/log/format/Formatter).  Falling back to next log system...
2017-04-30 22:13:47,234 - Trying to use logger class org.apache.velocity.runtime.log.Log4JLogChute
2017-04-30 22:13:47,234 - Trying to use logger class org.apache.velocity.runtime.log.Log4JLogChute
2017-04-30 22:13:47,234 - Using logger class org.apache.velocity.runtime.log.Log4JLogChute
2017-04-30 22:13:47,234 - Using logger class org.apache.velocity.runtime.log.Log4JLogChute
2017-04-30 22:13:47,234 - ResourceLoader instantiated: org.apache.velocity.runtime.resource.loader.ClasspathResourceLoader
2017-04-30 22:13:47,234 - ResourceLoader instantiated: org.apache.velocity.runtime.resource.loader.ClasspathResourceLoader
2017-04-30 22:13:47,234 - ResourceCache: initialized (class org.apache.velocity.runtime.resource.ResourceCacheImpl) with class java.util.Collections$SynchronizedMap cache map.
2017-04-30 22:13:47,234 - ResourceCache: initialized (class org.apache.velocity.runtime.resource.ResourceCacheImpl) with class java.util.Collections$SynchronizedMap cache map.
2017-04-30 22:13:47,235 - Loaded System Directive: org.apache.velocity.runtime.directive.Stop
2017-04-30 22:13:47,235 - Loaded System Directive: org.apache.velocity.runtime.directive.Stop
2017-04-30 22:13:47,235 - Loaded System Directive: org.apache.velocity.runtime.directive.Define
2017-04-30 22:13:47,235 - Loaded System Directive: org.apache.velocity.runtime.directive.Define
2017-04-30 22:13:47,235 - Loaded System Directive: org.apache.velocity.runtime.directive.Break
2017-04-30 22:13:47,235 - Loaded System Directive: org.apache.velocity.runtime.directive.Break
2017-04-30 22:13:47,235 - Loaded System Directive: org.apache.velocity.runtime.directive.Evaluate
2017-04-30 22:13:47,235 - Loaded System Directive: org.apache.velocity.runtime.directive.Evaluate
2017-04-30 22:13:47,235 - Loaded System Directive: org.apache.velocity.runtime.directive.Literal
2017-04-30 22:13:47,235 - Loaded System Directive: org.apache.velocity.runtime.directive.Literal
2017-04-30 22:13:47,235 - Loaded System Directive: org.apache.velocity.runtime.directive.Macro
2017-04-30 22:13:47,235 - Loaded System Directive: org.apache.velocity.runtime.directive.Macro
2017-04-30 22:13:47,236 - Loaded System Directive: org.apache.velocity.runtime.directive.Parse
2017-04-30 22:13:47,236 - Loaded System Directive: org.apache.velocity.runtime.directive.Parse
2017-04-30 22:13:47,236 - Loaded System Directive: org.apache.velocity.runtime.directive.Include
2017-04-30 22:13:47,236 - Loaded System Directive: org.apache.velocity.runtime.directive.Include
2017-04-30 22:13:47,236 - Loaded System Directive: org.apache.velocity.runtime.directive.Foreach
2017-04-30 22:13:47,236 - Loaded System Directive: org.apache.velocity.runtime.directive.Foreach
2017-04-30 22:13:47,237 - Created '20' parsers.
2017-04-30 22:13:47,237 - Created '20' parsers.
2017-04-30 22:13:47,237 - Velocimacro : "velocimacro.library" is not set.  Trying default library: VM_global_library.vm
2017-04-30 22:13:47,237 - Velocimacro : "velocimacro.library" is not set.  Trying default library: VM_global_library.vm
2017-04-30 22:13:47,237 - Could not load resource 'VM_global_library.vm' from ResourceLoader org.apache.velocity.runtime.resource.loader.ClasspathResourceLoader: ClasspathResourceLoader Error: cannot find resource VM_global_library.vm
2017-04-30 22:13:47,237 - Could not load resource 'VM_global_library.vm' from ResourceLoader org.apache.velocity.runtime.resource.loader.ClasspathResourceLoader: ClasspathResourceLoader Error: cannot find resource VM_global_library.vm
2017-04-30 22:13:47,237 - Velocimacro : Default library not found.
2017-04-30 22:13:47,237 - Velocimacro : Default library not found.
2017-04-30 22:13:47,238 - Velocimacro : allowInline = true : VMs can be defined inline in templates
2017-04-30 22:13:47,238 - Velocimacro : allowInline = true : VMs can be defined inline in templates
2017-04-30 22:13:47,238 - Velocimacro : allowInlineToOverride = false : VMs defined inline may NOT replace previous VM definitions
2017-04-30 22:13:47,238 - Velocimacro : allowInlineToOverride = false : VMs defined inline may NOT replace previous VM definitions
2017-04-30 22:13:47,238 - Velocimacro : allowInlineLocal = false : VMs defined inline will be global in scope if allowed.
2017-04-30 22:13:47,238 - Velocimacro : allowInlineLocal = false : VMs defined inline will be global in scope if allowed.
2017-04-30 22:13:47,238 - Velocimacro : autoload off : VM system will not automatically reload global library macros
2017-04-30 22:13:47,238 - Velocimacro : autoload off : VM system will not automatically reload global library macros
2017-04-30 22:13:47,238 - ResourceManager : unable to find resource 'hola.html' in any resource loader.
2017-04-30 22:13:47,238 - ResourceManager : unable to find resource 'hola.html' in any resource loader.
2017-04-30 22:14:40,818 - Log4JLogChute initialized using file 'velocity.log'
2017-04-30 22:14:40,818 - Initializing Velocity, Calling init()...
2017-04-30 22:14:40,818 - Starting Apache Velocity v1.7 (compiled: 2010-11-19 12:14:37)
2017-04-30 22:14:40,818 - Default Properties File: org\apache\velocity\runtime\defaults\velocity.properties
2017-04-30 22:14:40,818 - Trying to use logger class org.apache.velocity.runtime.log.AvalonLogChute
2017-04-30 22:14:40,818 - Target log system for org.apache.velocity.runtime.log.AvalonLogChute is not available (java.lang.NoClassDefFoundError: org/apache/log/format/Formatter).  Falling back to next log system...
2017-04-30 22:14:40,818 - Trying to use logger class org.apache.velocity.runtime.log.Log4JLogChute
2017-04-30 22:14:40,818 - Using logger class org.apache.velocity.runtime.log.Log4JLogChute
2017-04-30 22:14:40,823 - ResourceLoader instantiated: org.apache.velocity.runtime.resource.loader.ClasspathResourceLoader
2017-04-30 22:14:40,845 - ResourceCache: initialized (class org.apache.velocity.runtime.resource.ResourceCacheImpl) with class java.util.Collections$SynchronizedMap cache map.
2017-04-30 22:14:40,848 - Loaded System Directive: org.apache.velocity.runtime.directive.Stop
2017-04-30 22:14:40,850 - Loaded System Directive: org.apache.velocity.runtime.directive.Define
2017-04-30 22:14:40,850 - Loaded System Directive: org.apache.velocity.runtime.directive.Break
2017-04-30 22:14:40,851 - Loaded System Directive: org.apache.velocity.runtime.directive.Evaluate
2017-04-30 22:14:40,852 - Loaded System Directive: org.apache.velocity.runtime.directive.Literal
2017-04-30 22:14:40,853 - Loaded System Directive: org.apache.velocity.runtime.directive.Macro
2017-04-30 22:14:40,855 - Loaded System Directive: org.apache.velocity.runtime.directive.Parse
2017-04-30 22:14:40,856 - Loaded System Directive: org.apache.velocity.runtime.directive.Include
2017-04-30 22:14:40,858 - Loaded System Directive: org.apache.velocity.runtime.directive.Foreach
2017-04-30 22:14:40,901 - Created '20' parsers.
2017-04-30 22:14:40,908 - Velocimacro : "velocimacro.library" is not set.  Trying default library: VM_global_library.vm
2017-04-30 22:14:40,909 - Could not load resource 'VM_global_library.vm' from ResourceLoader org.apache.velocity.runtime.resource.loader.ClasspathResourceLoader: ClasspathResourceLoader Error: cannot find resource VM_global_library.vm
2017-04-30 22:14:40,909 - Velocimacro : Default library not found.
2017-04-30 22:14:40,909 - Velocimacro : allowInline = true : VMs can be defined inline in templates
2017-04-30 22:14:40,909 - Velocimacro : allowInlineToOverride = false : VMs defined inline may NOT replace previous VM definitions
2017-04-30 22:14:40,909 - Velocimacro : allowInlineLocal = false : VMs defined inline will be global in scope if allowed.
2017-04-30 22:14:40,909 - Velocimacro : autoload off : VM system will not automatically reload global library macros
2017-04-30 22:14:40,911 - ResourceManager : unable to find resource 'hola.html' in any resource loader.
2017-04-30 22:14:41,392 - Log4JLogChute initialized using file 'velocity.log'
2017-04-30 22:14:41,392 - Log4JLogChute initialized using file 'velocity.log'
2017-04-30 22:14:41,392 - Initializing Velocity, Calling init()...
2017-04-30 22:14:41,392 - Initializing Velocity, Calling init()...
2017-04-30 22:14:41,392 - Starting Apache Velocity v1.7 (compiled: 2010-11-19 12:14:37)
2017-04-30 22:14:41,392 - Starting Apache Velocity v1.7 (compiled: 2010-11-19 12:14:37)
2017-04-30 22:14:41,392 - Default Properties File: org\apache\velocity\runtime\defaults\velocity.properties
2017-04-30 22:14:41,392 - Default Properties File: org\apache\velocity\runtime\defaults\velocity.properties
2017-04-30 22:14:41,392 - Trying to use logger class org.apache.velocity.runtime.log.AvalonLogChute
2017-04-30 22:14:41,392 - Trying to use logger class org.apache.velocity.runtime.log.AvalonLogChute
2017-04-30 22:14:41,392 - Target log system for org.apache.velocity.runtime.log.AvalonLogChute is not available (java.lang.NoClassDefFoundError: org/apache/log/format/Formatter).  Falling back to next log system...
2017-04-30 22:14:41,392 - Target log system for org.apache.velocity.runtime.log.AvalonLogChute is not available (java.lang.NoClassDefFoundError: org/apache/log/format/Formatter).  Falling back to next log system...
2017-04-30 22:14:41,392 - Trying to use logger class org.apache.velocity.runtime.log.Log4JLogChute
2017-04-30 22:14:41,392 - Trying to use logger class org.apache.velocity.runtime.log.Log4JLogChute
2017-04-30 22:14:41,392 - Using logger class org.apache.velocity.runtime.log.Log4JLogChute
2017-04-30 22:14:41,392 - Using logger class org.apache.velocity.runtime.log.Log4JLogChute
2017-04-30 22:14:41,392 - ResourceLoader instantiated: org.apache.velocity.runtime.resource.loader.ClasspathResourceLoader
2017-04-30 22:14:41,392 - ResourceLoader instantiated: org.apache.velocity.runtime.resource.loader.ClasspathResourceLoader
2017-04-30 22:14:41,392 - ResourceCache: initialized (class org.apache.velocity.runtime.resource.ResourceCacheImpl) with class java.util.Collections$SynchronizedMap cache map.
2017-04-30 22:14:41,392 - ResourceCache: initialized (class org.apache.velocity.runtime.resource.ResourceCacheImpl) with class java.util.Collections$SynchronizedMap cache map.
2017-04-30 22:14:41,393 - Loaded System Directive: org.apache.velocity.runtime.directive.Stop
2017-04-30 22:14:41,393 - Loaded System Directive: org.apache.velocity.runtime.directive.Stop
2017-04-30 22:14:41,393 - Loaded System Directive: org.apache.velocity.runtime.directive.Define
2017-04-30 22:14:41,393 - Loaded System Directive: org.apache.velocity.runtime.directive.Define
2017-04-30 22:14:41,393 - Loaded System Directive: org.apache.velocity.runtime.directive.Break
2017-04-30 22:14:41,393 - Loaded System Directive: org.apache.velocity.runtime.directive.Break
2017-04-30 22:14:41,393 - Loaded System Directive: org.apache.velocity.runtime.directive.Evaluate
2017-04-30 22:14:41,393 - Loaded System Directive: org.apache.velocity.runtime.directive.Evaluate
2017-04-30 22:14:41,393 - Loaded System Directive: org.apache.velocity.runtime.directive.Literal
2017-04-30 22:14:41,393 - Loaded System Directive: org.apache.velocity.runtime.directive.Literal
2017-04-30 22:14:41,394 - Loaded System Directive: org.apache.velocity.runtime.directive.Macro
2017-04-30 22:14:41,394 - Loaded System Directive: org.apache.velocity.runtime.directive.Macro
2017-04-30 22:14:41,394 - Loaded System Directive: org.apache.velocity.runtime.directive.Parse
2017-04-30 22:14:41,394 - Loaded System Directive: org.apache.velocity.runtime.directive.Parse
2017-04-30 22:14:41,394 - Loaded System Directive: org.apache.velocity.runtime.directive.Include
2017-04-30 22:14:41,394 - Loaded System Directive: org.apache.velocity.runtime.directive.Include
2017-04-30 22:14:41,394 - Loaded System Directive: org.apache.velocity.runtime.directive.Foreach
2017-04-30 22:14:41,394 - Loaded System Directive: org.apache.velocity.runtime.directive.Foreach
2017-04-30 22:14:41,395 - Created '20' parsers.
2017-04-30 22:14:41,395 - Created '20' parsers.
2017-04-30 22:14:41,395 - Velocimacro : "velocimacro.library" is not set.  Trying default library: VM_global_library.vm
2017-04-30 22:14:41,395 - Velocimacro : "velocimacro.library" is not set.  Trying default library: VM_global_library.vm
2017-04-30 22:14:41,396 - Could not load resource 'VM_global_library.vm' from ResourceLoader org.apache.velocity.runtime.resource.loader.ClasspathResourceLoader: ClasspathResourceLoader Error: cannot find resource VM_global_library.vm
2017-04-30 22:14:41,396 - Could not load resource 'VM_global_library.vm' from ResourceLoader org.apache.velocity.runtime.resource.loader.ClasspathResourceLoader: ClasspathResourceLoader Error: cannot find resource VM_global_library.vm
2017-04-30 22:14:41,396 - Velocimacro : Default library not found.
2017-04-30 22:14:41,396 - Velocimacro : Default library not found.
2017-04-30 22:14:41,396 - Velocimacro : allowInline = true : VMs can be defined inline in templates
2017-04-30 22:14:41,396 - Velocimacro : allowInline = true : VMs can be defined inline in templates
2017-04-30 22:14:41,396 - Velocimacro : allowInlineToOverride = false : VMs defined inline may NOT replace previous VM definitions
2017-04-30 22:14:41,396 - Velocimacro : allowInlineToOverride = false : VMs defined inline may NOT replace previous VM definitions
2017-04-30 22:14:41,396 - Velocimacro : allowInlineLocal = false : VMs defined inline will be global in scope if allowed.
2017-04-30 22:14:41,396 - Velocimacro : allowInlineLocal = false : VMs defined inline will be global in scope if allowed.
2017-04-30 22:14:41,396 - Velocimacro : autoload off : VM system will not automatically reload global library macros
2017-04-30 22:14:41,396 - Velocimacro : autoload off : VM system will not automatically reload global library macros
2017-04-30 22:14:41,396 - ResourceManager : unable to find resource 'hola.html' in any resource loader.
2017-04-30 22:14:41,396 - ResourceManager : unable to find resource 'hola.html' in any resource loader.
2017-04-30 22:14:41,837 - Log4JLogChute initialized using file 'velocity.log'
2017-04-30 22:14:41,837 - Log4JLogChute initialized using file 'velocity.log'
2017-04-30 22:14:41,837 - Initializing Velocity, Calling init()...
2017-04-30 22:14:41,837 - Initializing Velocity, Calling init()...
2017-04-30 22:14:41,837 - Starting Apache Velocity v1.7 (compiled: 2010-11-19 12:14:37)
2017-04-30 22:14:41,837 - Starting Apache Velocity v1.7 (compiled: 2010-11-19 12:14:37)
2017-04-30 22:14:41,837 - Default Properties File: org\apache\velocity\runtime\defaults\velocity.properties
2017-04-30 22:14:41,837 - Default Properties File: org\apache\velocity\runtime\defaults\velocity.properties
2017-04-30 22:14:41,837 - Trying to use logger class org.apache.velocity.runtime.log.AvalonLogChute
2017-04-30 22:14:41,837 - Trying to use logger class org.apache.velocity.runtime.log.AvalonLogChute
2017-04-30 22:14:41,837 - Target log system for org.apache.velocity.runtime.log.AvalonLogChute is not available (java.lang.NoClassDefFoundError: org/apache/log/format/Formatter).  Falling back to next log system...
2017-04-30 22:14:41,837 - Target log system for org.apache.velocity.runtime.log.AvalonLogChute is not available (java.lang.NoClassDefFoundError: org/apache/log/format/Formatter).  Falling back to next log system...
2017-04-30 22:14:41,837 - Trying to use logger class org.apache.velocity.runtime.log.Log4JLogChute
2017-04-30 22:14:41,837 - Trying to use logger class org.apache.velocity.runtime.log.Log4JLogChute
2017-04-30 22:14:41,837 - Using logger class org.apache.velocity.runtime.log.Log4JLogChute
2017-04-30 22:14:41,837 - Using logger class org.apache.velocity.runtime.log.Log4JLogChute
2017-04-30 22:14:41,837 - ResourceLoader instantiated: org.apache.velocity.runtime.resource.loader.ClasspathResourceLoader
2017-04-30 22:14:41,837 - ResourceLoader instantiated: org.apache.velocity.runtime.resource.loader.ClasspathResourceLoader
2017-04-30 22:14:41,838 - ResourceCache: initialized (class org.apache.velocity.runtime.resource.ResourceCacheImpl) with class java.util.Collections$SynchronizedMap cache map.
2017-04-30 22:14:41,838 - ResourceCache: initialized (class org.apache.velocity.runtime.resource.ResourceCacheImpl) with class java.util.Collections$SynchronizedMap cache map.
2017-04-30 22:14:41,839 - Loaded System Directive: org.apache.velocity.runtime.directive.Stop
2017-04-30 22:14:41,839 - Loaded System Directive: org.apache.velocity.runtime.directive.Stop
2017-04-30 22:14:41,839 - Loaded System Directive: org.apache.velocity.runtime.directive.Define
2017-04-30 22:14:41,839 - Loaded System Directive: org.apache.velocity.runtime.directive.Define
2017-04-30 22:14:41,839 - Loaded System Directive: org.apache.velocity.runtime.directive.Break
2017-04-30 22:14:41,839 - Loaded System Directive: org.apache.velocity.runtime.directive.Break
2017-04-30 22:14:41,839 - Loaded System Directive: org.apache.velocity.runtime.directive.Evaluate
2017-04-30 22:14:41,839 - Loaded System Directive: org.apache.velocity.runtime.directive.Evaluate
2017-04-30 22:14:41,839 - Loaded System Directive: org.apache.velocity.runtime.directive.Literal
2017-04-30 22:14:41,839 - Loaded System Directive: org.apache.velocity.runtime.directive.Literal
2017-04-30 22:14:41,839 - Loaded System Directive: org.apache.velocity.runtime.directive.Macro
2017-04-30 22:14:41,839 - Loaded System Directive: org.apache.velocity.runtime.directive.Macro
2017-04-30 22:14:41,839 - Loaded System Directive: org.apache.velocity.runtime.directive.Parse
2017-04-30 22:14:41,839 - Loaded System Directive: org.apache.velocity.runtime.directive.Parse
2017-04-30 22:14:41,839 - Loaded System Directive: org.apache.velocity.runtime.directive.Include
2017-04-30 22:14:41,839 - Loaded System Directive: org.apache.velocity.runtime.directive.Include
2017-04-30 22:14:41,839 - Loaded System Directive: org.apache.velocity.runtime.directive.Foreach
2017-04-30 22:14:41,839 - Loaded System Directive: org.apache.velocity.runtime.directive.Foreach
2017-04-30 22:14:41,840 - Created '20' parsers.
2017-04-30 22:14:41,840 - Created '20' parsers.
2017-04-30 22:14:41,841 - Velocimacro : "velocimacro.library" is not set.  Trying default library: VM_global_library.vm
2017-04-30 22:14:41,841 - Velocimacro : "velocimacro.library" is not set.  Trying default library: VM_global_library.vm
2017-04-30 22:14:41,841 - Could not load resource 'VM_global_library.vm' from ResourceLoader org.apache.velocity.runtime.resource.loader.ClasspathResourceLoader: ClasspathResourceLoader Error: cannot find resource VM_global_library.vm
2017-04-30 22:14:41,841 - Could not load resource 'VM_global_library.vm' from ResourceLoader org.apache.velocity.runtime.resource.loader.ClasspathResourceLoader: ClasspathResourceLoader Error: cannot find resource VM_global_library.vm
2017-04-30 22:14:41,858 - Velocimacro : Default library not found.
2017-04-30 22:14:41,858 - Velocimacro : Default library not found.
2017-04-30 22:14:41,858 - Velocimacro : allowInline = true : VMs can be defined inline in templates
2017-04-30 22:14:41,858 - Velocimacro : allowInline = true : VMs can be defined inline in templates
2017-04-30 22:14:41,858 - Velocimacro : allowInlineToOverride = false : VMs defined inline may NOT replace previous VM definitions
2017-04-30 22:14:41,858 - Velocimacro : allowInlineToOverride = false : VMs defined inline may NOT replace previous VM definitions
2017-04-30 22:14:41,858 - Velocimacro : allowInlineLocal = false : VMs defined inline will be global in scope if allowed.
2017-04-30 22:14:41,858 - Velocimacro : allowInlineLocal = false : VMs defined inline will be global in scope if allowed.
2017-04-30 22:14:41,858 - Velocimacro : autoload off : VM system will not automatically reload global library macros
2017-04-30 22:14:41,858 - Velocimacro : autoload off : VM system will not automatically reload global library macros
2017-04-30 22:14:41,859 - ResourceManager : unable to find resource 'hola.html' in any resource loader.
2017-04-30 22:14:41,859 - ResourceManager : unable to find resource 'hola.html' in any resource loader.
2017-04-30 22:14:42,026 - Log4JLogChute initialized using file 'velocity.log'
2017-04-30 22:14:42,026 - Log4JLogChute initialized using file 'velocity.log'
2017-04-30 22:14:42,026 - Log4JLogChute initialized using file 'velocity.log'
2017-04-30 22:14:42,027 - Initializing Velocity, Calling init()...
2017-04-30 22:14:42,027 - Initializing Velocity, Calling init()...
2017-04-30 22:14:42,027 - Initializing Velocity, Calling init()...
2017-04-30 22:14:42,027 - Starting Apache Velocity v1.7 (compiled: 2010-11-19 12:14:37)
2017-04-30 22:14:42,027 - Starting Apache Velocity v1.7 (compiled: 2010-11-19 12:14:37)
2017-04-30 22:14:42,027 - Starting Apache Velocity v1.7 (compiled: 2010-11-19 12:14:37)
2017-04-30 22:14:42,027 - Default Properties File: org\apache\velocity\runtime\defaults\velocity.properties
2017-04-30 22:14:42,027 - Default Properties File: org\apache\velocity\runtime\defaults\velocity.properties
2017-04-30 22:14:42,027 - Default Properties File: org\apache\velocity\runtime\defaults\velocity.properties
2017-04-30 22:14:42,027 - Trying to use logger class org.apache.velocity.runtime.log.AvalonLogChute
2017-04-30 22:14:42,027 - Trying to use logger class org.apache.velocity.runtime.log.AvalonLogChute
2017-04-30 22:14:42,027 - Trying to use logger class org.apache.velocity.runtime.log.AvalonLogChute
2017-04-30 22:14:42,027 - Target log system for org.apache.velocity.runtime.log.AvalonLogChute is not available (java.lang.NoClassDefFoundError: org/apache/log/format/Formatter).  Falling back to next log system...
2017-04-30 22:14:42,027 - Target log system for org.apache.velocity.runtime.log.AvalonLogChute is not available (java.lang.NoClassDefFoundError: org/apache/log/format/Formatter).  Falling back to next log system...
2017-04-30 22:14:42,027 - Target log system for org.apache.velocity.runtime.log.AvalonLogChute is not available (java.lang.NoClassDefFoundError: org/apache/log/format/Formatter).  Falling back to next log system...
2017-04-30 22:14:42,027 - Trying to use logger class org.apache.velocity.runtime.log.Log4JLogChute
2017-04-30 22:14:42,027 - Trying to use logger class org.apache.velocity.runtime.log.Log4JLogChute
2017-04-30 22:14:42,027 - Trying to use logger class org.apache.velocity.runtime.log.Log4JLogChute
2017-04-30 22:14:42,028 - Using logger class org.apache.velocity.runtime.log.Log4JLogChute
2017-04-30 22:14:42,028 - Using logger class org.apache.velocity.runtime.log.Log4JLogChute
2017-04-30 22:14:42,028 - Using logger class org.apache.velocity.runtime.log.Log4JLogChute
2017-04-30 22:14:42,028 - ResourceLoader instantiated: org.apache.velocity.runtime.resource.loader.ClasspathResourceLoader
2017-04-30 22:14:42,028 - ResourceLoader instantiated: org.apache.velocity.runtime.resource.loader.ClasspathResourceLoader
2017-04-30 22:14:42,028 - ResourceLoader instantiated: org.apache.velocity.runtime.resource.loader.ClasspathResourceLoader
2017-04-30 22:14:42,028 - ResourceCache: initialized (class org.apache.velocity.runtime.resource.ResourceCacheImpl) with class java.util.Collections$SynchronizedMap cache map.
2017-04-30 22:14:42,028 - ResourceCache: initialized (class org.apache.velocity.runtime.resource.ResourceCacheImpl) with class java.util.Collections$SynchronizedMap cache map.
2017-04-30 22:14:42,029 - Loaded System Directive: org.apache.velocity.runtime.directive.Stop
2017-04-30 22:14:42,029 - Loaded System Directive: org.apache.velocity.runtime.directive.Stop
2017-04-30 22:14:42,029 - Loaded System Directive: org.apache.velocity.runtime.directive.Define
2017-04-30 22:14:42,029 - Loaded System Directive: org.apache.velocity.runtime.directive.Define
2017-04-30 22:14:42,029 - Loaded System Directive: org.apache.velocity.runtime.directive.Break
2017-04-30 22:14:42,029 - Loaded System Directive: org.apache.velocity.runtime.directive.Break
2017-04-30 22:14:42,029 - Loaded System Directive: org.apache.velocity.runtime.directive.Evaluate
2017-04-30 22:14:42,029 - Loaded System Directive: org.apache.velocity.runtime.directive.Evaluate
2017-04-30 22:14:42,029 - Loaded System Directive: org.apache.velocity.runtime.directive.Literal
2017-04-30 22:14:42,029 - Loaded System Directive: org.apache.velocity.runtime.directive.Literal
2017-04-30 22:14:42,029 - Loaded System Directive: org.apache.velocity.runtime.directive.Macro
2017-04-30 22:14:42,029 - Loaded System Directive: org.apache.velocity.runtime.directive.Macro
2017-04-30 22:14:42,029 - Loaded System Directive: org.apache.velocity.runtime.directive.Parse
2017-04-30 22:14:42,029 - Loaded System Directive: org.apache.velocity.runtime.directive.Parse
2017-04-30 22:14:42,029 - Loaded System Directive: org.apache.velocity.runtime.directive.Include
2017-04-30 22:14:42,029 - Loaded System Directive: org.apache.velocity.runtime.directive.Include
2017-04-30 22:14:42,029 - Loaded System Directive: org.apache.velocity.runtime.directive.Foreach
2017-04-30 22:14:42,029 - Loaded System Directive: org.apache.velocity.runtime.directive.Foreach
2017-04-30 22:14:42,031 - Created '20' parsers.
2017-04-30 22:14:42,031 - Created '20' parsers.
2017-04-30 22:14:42,032 - Velocimacro : "velocimacro.library" is not set.  Trying default library: VM_global_library.vm
2017-04-30 22:14:42,032 - Velocimacro : "velocimacro.library" is not set.  Trying default library: VM_global_library.vm
2017-04-30 22:14:42,032 - Could not load resource 'VM_global_library.vm' from ResourceLoader org.apache.velocity.runtime.resource.loader.ClasspathResourceLoader: ClasspathResourceLoader Error: cannot find resource VM_global_library.vm
2017-04-30 22:14:42,032 - Could not load resource 'VM_global_library.vm' from ResourceLoader org.apache.velocity.runtime.resource.loader.ClasspathResourceLoader: ClasspathResourceLoader Error: cannot find resource VM_global_library.vm
2017-04-30 22:14:42,032 - Velocimacro : Default library not found.
2017-04-30 22:14:42,032 - Velocimacro : Default library not found.
2017-04-30 22:14:42,032 - Velocimacro : allowInline = true : VMs can be defined inline in templates
2017-04-30 22:14:42,032 - Velocimacro : allowInline = true : VMs can be defined inline in templates
2017-04-30 22:14:42,032 - Velocimacro : allowInlineToOverride = false : VMs defined inline may NOT replace previous VM definitions
2017-04-30 22:14:42,032 - Velocimacro : allowInlineToOverride = false : VMs defined inline may NOT replace previous VM definitions
2017-04-30 22:14:42,032 - Velocimacro : allowInlineLocal = false : VMs defined inline will be global in scope if allowed.
2017-04-30 22:14:42,032 - Velocimacro : allowInlineLocal = false : VMs defined inline will be global in scope if allowed.
2017-04-30 22:14:42,033 - Velocimacro : autoload off : VM system will not automatically reload global library macros
2017-04-30 22:14:42,033 - Velocimacro : autoload off : VM system will not automatically reload global library macros
2017-04-30 22:14:42,033 - ResourceManager : unable to find resource 'hola.html' in any resource loader.
2017-04-30 22:14:42,033 - ResourceManager : unable to find resource 'hola.html' in any resource loader.
2017-04-30 22:14:42,216 - Log4JLogChute initialized using file 'velocity.log'
2017-04-30 22:14:42,216 - Log4JLogChute initialized using file 'velocity.log'
2017-04-30 22:14:42,216 - Log4JLogChute initialized using file 'velocity.log'
2017-04-30 22:14:42,216 - Initializing Velocity, Calling init()...
2017-04-30 22:14:42,216 - Initializing Velocity, Calling init()...
2017-04-30 22:14:42,216 - Initializing Velocity, Calling init()...
2017-04-30 22:14:42,216 - Starting Apache Velocity v1.7 (compiled: 2010-11-19 12:14:37)
2017-04-30 22:14:42,216 - Starting Apache Velocity v1.7 (compiled: 2010-11-19 12:14:37)
2017-04-30 22:14:42,216 - Starting Apache Velocity v1.7 (compiled: 2010-11-19 12:14:37)
2017-04-30 22:14:42,216 - Default Properties File: org\apache\velocity\runtime\defaults\velocity.properties
2017-04-30 22:14:42,216 - Default Properties File: org\apache\velocity\runtime\defaults\velocity.properties
2017-04-30 22:14:42,216 - Default Properties File: org\apache\velocity\runtime\defaults\velocity.properties
2017-04-30 22:14:42,216 - Trying to use logger class org.apache.velocity.runtime.log.AvalonLogChute
2017-04-30 22:14:42,216 - Trying to use logger class org.apache.velocity.runtime.log.AvalonLogChute
2017-04-30 22:14:42,216 - Trying to use logger class org.apache.velocity.runtime.log.AvalonLogChute
2017-04-30 22:14:42,216 - Target log system for org.apache.velocity.runtime.log.AvalonLogChute is not available (java.lang.NoClassDefFoundError: org/apache/log/format/Formatter).  Falling back to next log system...
2017-04-30 22:14:42,216 - Target log system for org.apache.velocity.runtime.log.AvalonLogChute is not available (java.lang.NoClassDefFoundError: org/apache/log/format/Formatter).  Falling back to next log system...
2017-04-30 22:14:42,216 - Target log system for org.apache.velocity.runtime.log.AvalonLogChute is not available (java.lang.NoClassDefFoundError: org/apache/log/format/Formatter).  Falling back to next log system...
2017-04-30 22:14:42,217 - Trying to use logger class org.apache.velocity.runtime.log.Log4JLogChute
2017-04-30 22:14:42,217 - Trying to use logger class org.apache.velocity.runtime.log.Log4JLogChute
2017-04-30 22:14:42,217 - Trying to use logger class org.apache.velocity.runtime.log.Log4JLogChute
2017-04-30 22:14:42,217 - Using logger class org.apache.velocity.runtime.log.Log4JLogChute
2017-04-30 22:14:42,217 - Using logger class org.apache.velocity.runtime.log.Log4JLogChute
2017-04-30 22:14:42,217 - Using logger class org.apache.velocity.runtime.log.Log4JLogChute
2017-04-30 22:14:42,217 - ResourceLoader instantiated: org.apache.velocity.runtime.resource.loader.ClasspathResourceLoader
2017-04-30 22:14:42,217 - ResourceLoader instantiated: org.apache.velocity.runtime.resource.loader.ClasspathResourceLoader
2017-04-30 22:14:42,217 - ResourceLoader instantiated: org.apache.velocity.runtime.resource.loader.ClasspathResourceLoader
2017-04-30 22:14:42,217 - ResourceCache: initialized (class org.apache.velocity.runtime.resource.ResourceCacheImpl) with class java.util.Collections$SynchronizedMap cache map.
2017-04-30 22:14:42,217 - ResourceCache: initialized (class org.apache.velocity.runtime.resource.ResourceCacheImpl) with class java.util.Collections$SynchronizedMap cache map.
2017-04-30 22:14:42,217 - ResourceCache: initialized (class org.apache.velocity.runtime.resource.ResourceCacheImpl) with class java.util.Collections$SynchronizedMap cache map.
2017-04-30 22:14:42,218 - Loaded System Directive: org.apache.velocity.runtime.directive.Stop
2017-04-30 22:14:42,218 - Loaded System Directive: org.apache.velocity.runtime.directive.Stop
2017-04-30 22:14:42,218 - Loaded System Directive: org.apache.velocity.runtime.directive.Stop
2017-04-30 22:14:42,218 - Loaded System Directive: org.apache.velocity.runtime.directive.Define
2017-04-30 22:14:42,218 - Loaded System Directive: org.apache.velocity.runtime.directive.Define
2017-04-30 22:14:42,218 - Loaded System Directive: org.apache.velocity.runtime.directive.Define
2017-04-30 22:14:42,218 - Loaded System Directive: org.apache.velocity.runtime.directive.Break
2017-04-30 22:14:42,218 - Loaded System Directive: org.apache.velocity.runtime.directive.Break
2017-04-30 22:14:42,218 - Loaded System Directive: org.apache.velocity.runtime.directive.Break
2017-04-30 22:14:42,218 - Loaded System Directive: org.apache.velocity.runtime.directive.Evaluate
2017-04-30 22:14:42,218 - Loaded System Directive: org.apache.velocity.runtime.directive.Evaluate
2017-04-30 22:14:42,218 - Loaded System Directive: org.apache.velocity.runtime.directive.Evaluate
2017-04-30 22:14:42,219 - Loaded System Directive: org.apache.velocity.runtime.directive.Literal
2017-04-30 22:14:42,219 - Loaded System Directive: org.apache.velocity.runtime.directive.Literal
2017-04-30 22:14:42,219 - Loaded System Directive: org.apache.velocity.runtime.directive.Literal
2017-04-30 22:14:42,219 - Loaded System Directive: org.apache.velocity.runtime.directive.Macro
2017-04-30 22:14:42,219 - Loaded System Directive: org.apache.velocity.runtime.directive.Macro
2017-04-30 22:14:42,219 - Loaded System Directive: org.apache.velocity.runtime.directive.Macro
2017-04-30 22:14:42,219 - Loaded System Directive: org.apache.velocity.runtime.directive.Parse
2017-04-30 22:14:42,219 - Loaded System Directive: org.apache.velocity.runtime.directive.Parse
2017-04-30 22:14:42,219 - Loaded System Directive: org.apache.velocity.runtime.directive.Parse
2017-04-30 22:14:42,219 - Loaded System Directive: org.apache.velocity.runtime.directive.Include
2017-04-30 22:14:42,219 - Loaded System Directive: org.apache.velocity.runtime.directive.Include
2017-04-30 22:14:42,219 - Loaded System Directive: org.apache.velocity.runtime.directive.Include
2017-04-30 22:14:42,220 - Loaded System Directive: org.apache.velocity.runtime.directive.Foreach
2017-04-30 22:14:42,220 - Loaded System Directive: org.apache.velocity.runtime.directive.Foreach
2017-04-30 22:14:42,220 - Loaded System Directive: org.apache.velocity.runtime.directive.Foreach
2017-04-30 22:14:42,246 - Created '20' parsers.
2017-04-30 22:14:42,246 - Velocimacro : "velocimacro.library" is not set.  Trying default library: VM_global_library.vm
2017-04-30 22:14:42,246 - Could not load resource 'VM_global_library.vm' from ResourceLoader org.apache.velocity.runtime.resource.loader.ClasspathResourceLoader: ClasspathResourceLoader Error: cannot find resource VM_global_library.vm
2017-04-30 22:14:42,246 - Velocimacro : Default library not found.
2017-04-30 22:14:42,246 - Velocimacro : allowInline = true : VMs can be defined inline in templates
2017-04-30 22:14:42,246 - Velocimacro : allowInlineToOverride = false : VMs defined inline may NOT replace previous VM definitions
2017-04-30 22:14:42,246 - Velocimacro : allowInlineLocal = false : VMs defined inline will be global in scope if allowed.
2017-04-30 22:14:42,246 - Velocimacro : autoload off : VM system will not automatically reload global library macros
2017-04-30 22:14:42,247 - ResourceManager : unable to find resource 'hola.html' in any resource loader.
2017-04-30 22:14:42,364 - Log4JLogChute initialized using file 'velocity.log'
2017-04-30 22:14:42,364 - Log4JLogChute initialized using file 'velocity.log'
2017-04-30 22:14:42,364 - Initializing Velocity, Calling init()...
2017-04-30 22:14:42,364 - Initializing Velocity, Calling init()...
2017-04-30 22:14:42,364 - Starting Apache Velocity v1.7 (compiled: 2010-11-19 12:14:37)
2017-04-30 22:14:42,364 - Starting Apache Velocity v1.7 (compiled: 2010-11-19 12:14:37)
2017-04-30 22:14:42,364 - Default Properties File: org\apache\velocity\runtime\defaults\velocity.properties
2017-04-30 22:14:42,364 - Default Properties File: org\apache\velocity\runtime\defaults\velocity.properties
2017-04-30 22:14:42,364 - Trying to use logger class org.apache.velocity.runtime.log.AvalonLogChute
2017-04-30 22:14:42,364 - Trying to use logger class org.apache.velocity.runtime.log.AvalonLogChute
2017-04-30 22:14:42,364 - Target log system for org.apache.velocity.runtime.log.AvalonLogChute is not available (java.lang.NoClassDefFoundError: org/apache/log/format/Formatter).  Falling back to next log system...
2017-04-30 22:14:42,364 - Target log system for org.apache.velocity.runtime.log.AvalonLogChute is not available (java.lang.NoClassDefFoundError: org/apache/log/format/Formatter).  Falling back to next log system...
2017-04-30 22:14:42,365 - Trying to use logger class org.apache.velocity.runtime.log.Log4JLogChute
2017-04-30 22:14:42,365 - Trying to use logger class org.apache.velocity.runtime.log.Log4JLogChute
2017-04-30 22:14:42,365 - Using logger class org.apache.velocity.runtime.log.Log4JLogChute
2017-04-30 22:14:42,365 - Using logger class org.apache.velocity.runtime.log.Log4JLogChute
2017-04-30 22:14:42,365 - ResourceLoader instantiated: org.apache.velocity.runtime.resource.loader.ClasspathResourceLoader
2017-04-30 22:14:42,365 - ResourceLoader instantiated: org.apache.velocity.runtime.resource.loader.ClasspathResourceLoader
2017-04-30 22:14:42,365 - ResourceCache: initialized (class org.apache.velocity.runtime.resource.ResourceCacheImpl) with class java.util.Collections$SynchronizedMap cache map.
2017-04-30 22:14:42,365 - ResourceCache: initialized (class org.apache.velocity.runtime.resource.ResourceCacheImpl) with class java.util.Collections$SynchronizedMap cache map.
2017-04-30 22:14:42,365 - Loaded System Directive: org.apache.velocity.runtime.directive.Stop
2017-04-30 22:14:42,365 - Loaded System Directive: org.apache.velocity.runtime.directive.Stop
2017-04-30 22:14:42,366 - Loaded System Directive: org.apache.velocity.runtime.directive.Define
2017-04-30 22:14:42,366 - Loaded System Directive: org.apache.velocity.runtime.directive.Define
2017-04-30 22:14:42,366 - Loaded System Directive: org.apache.velocity.runtime.directive.Break
2017-04-30 22:14:42,366 - Loaded System Directive: org.apache.velocity.runtime.directive.Break
2017-04-30 22:14:42,366 - Loaded System Directive: org.apache.velocity.runtime.directive.Evaluate
2017-04-30 22:14:42,366 - Loaded System Directive: org.apache.velocity.runtime.directive.Evaluate
2017-04-30 22:14:42,366 - Loaded System Directive: org.apache.velocity.runtime.directive.Literal
2017-04-30 22:14:42,366 - Loaded System Directive: org.apache.velocity.runtime.directive.Literal
2017-04-30 22:14:42,366 - Loaded System Directive: org.apache.velocity.runtime.directive.Macro
2017-04-30 22:14:42,366 - Loaded System Directive: org.apache.velocity.runtime.directive.Macro
2017-04-30 22:14:42,366 - Loaded System Directive: org.apache.velocity.runtime.directive.Parse
2017-04-30 22:14:42,366 - Loaded System Directive: org.apache.velocity.runtime.directive.Parse
2017-04-30 22:14:42,366 - Loaded System Directive: org.apache.velocity.runtime.directive.Include
2017-04-30 22:14:42,366 - Loaded System Directive: org.apache.velocity.runtime.directive.Include
2017-04-30 22:14:42,366 - Loaded System Directive: org.apache.velocity.runtime.directive.Foreach
2017-04-30 22:14:42,366 - Loaded System Directive: org.apache.velocity.runtime.directive.Foreach
2017-04-30 22:14:42,367 - Created '20' parsers.
2017-04-30 22:14:42,367 - Created '20' parsers.
2017-04-30 22:14:42,367 - Velocimacro : "velocimacro.library" is not set.  Trying default library: VM_global_library.vm
2017-04-30 22:14:42,367 - Velocimacro : "velocimacro.library" is not set.  Trying default library: VM_global_library.vm
2017-04-30 22:14:42,368 - Could not load resource 'VM_global_library.vm' from ResourceLoader org.apache.velocity.runtime.resource.loader.ClasspathResourceLoader: ClasspathResourceLoader Error: cannot find resource VM_global_library.vm
2017-04-30 22:14:42,368 - Could not load resource 'VM_global_library.vm' from ResourceLoader org.apache.velocity.runtime.resource.loader.ClasspathResourceLoader: ClasspathResourceLoader Error: cannot find resource VM_global_library.vm
2017-04-30 22:14:42,368 - Velocimacro : Default library not found.
2017-04-30 22:14:42,368 - Velocimacro : Default library not found.
2017-04-30 22:14:42,368 - Velocimacro : allowInline = true : VMs can be defined inline in templates
2017-04-30 22:14:42,368 - Velocimacro : allowInline = true : VMs can be defined inline in templates
2017-04-30 22:14:42,368 - Velocimacro : allowInlineToOverride = false : VMs defined inline may NOT replace previous VM definitions
2017-04-30 22:14:42,368 - Velocimacro : allowInlineToOverride = false : VMs defined inline may NOT replace previous VM definitions
2017-04-30 22:14:42,368 - Velocimacro : allowInlineLocal = false : VMs defined inline will be global in scope if allowed.
2017-04-30 22:14:42,368 - Velocimacro : allowInlineLocal = false : VMs defined inline will be global in scope if allowed.
2017-04-30 22:14:42,368 - Velocimacro : autoload off : VM system will not automatically reload global library macros
2017-04-30 22:14:42,368 - Velocimacro : autoload off : VM system will not automatically reload global library macros
2017-04-30 22:14:42,369 - ResourceManager : unable to find resource 'hola.html' in any resource loader.
2017-04-30 22:14:42,369 - ResourceManager : unable to find resource 'hola.html' in any resource loader.
2017-04-30 22:15:17,544 - Log4JLogChute initialized using file 'velocity.log'
2017-04-30 22:15:17,544 - Initializing Velocity, Calling init()...
2017-04-30 22:15:17,544 - Starting Apache Velocity v1.7 (compiled: 2010-11-19 12:14:37)
2017-04-30 22:15:17,544 - Default Properties File: org\apache\velocity\runtime\defaults\velocity.properties
2017-04-30 22:15:17,544 - Trying to use logger class org.apache.velocity.runtime.log.AvalonLogChute
2017-04-30 22:15:17,544 - Target log system for org.apache.velocity.runtime.log.AvalonLogChute is not available (java.lang.NoClassDefFoundError: org/apache/log/format/Formatter).  Falling back to next log system...
2017-04-30 22:15:17,544 - Trying to use logger class org.apache.velocity.runtime.log.Log4JLogChute
2017-04-30 22:15:17,544 - Using logger class org.apache.velocity.runtime.log.Log4JLogChute
2017-04-30 22:15:17,549 - ResourceLoader instantiated: org.apache.velocity.runtime.resource.loader.ClasspathResourceLoader
2017-04-30 22:15:17,581 - ResourceCache: initialized (class org.apache.velocity.runtime.resource.ResourceCacheImpl) with class java.util.Collections$SynchronizedMap cache map.
2017-04-30 22:15:17,584 - Loaded System Directive: org.apache.velocity.runtime.directive.Stop
2017-04-30 22:15:17,585 - Loaded System Directive: org.apache.velocity.runtime.directive.Define
2017-04-30 22:15:17,586 - Loaded System Directive: org.apache.velocity.runtime.directive.Break
2017-04-30 22:15:17,587 - Loaded System Directive: org.apache.velocity.runtime.directive.Evaluate
2017-04-30 22:15:17,588 - Loaded System Directive: org.apache.velocity.runtime.directive.Literal
2017-04-30 22:15:17,589 - Loaded System Directive: org.apache.velocity.runtime.directive.Macro
2017-04-30 22:15:17,591 - Loaded System Directive: org.apache.velocity.runtime.directive.Parse
2017-04-30 22:15:17,592 - Loaded System Directive: org.apache.velocity.runtime.directive.Include
2017-04-30 22:15:17,593 - Loaded System Directive: org.apache.velocity.runtime.directive.Foreach
2017-04-30 22:15:17,637 - Created '20' parsers.
2017-04-30 22:15:17,645 - Velocimacro : "velocimacro.library" is not set.  Trying default library: VM_global_library.vm
2017-04-30 22:15:17,645 - Could not load resource 'VM_global_library.vm' from ResourceLoader org.apache.velocity.runtime.resource.loader.ClasspathResourceLoader: ClasspathResourceLoader Error: cannot find resource VM_global_library.vm
2017-04-30 22:15:17,646 - Velocimacro : Default library not found.
2017-04-30 22:15:17,646 - Velocimacro : allowInline = true : VMs can be defined inline in templates
2017-04-30 22:15:17,646 - Velocimacro : allowInlineToOverride = false : VMs defined inline may NOT replace previous VM definitions
2017-04-30 22:15:17,646 - Velocimacro : allowInlineLocal = false : VMs defined inline will be global in scope if allowed.
2017-04-30 22:15:17,646 - Velocimacro : autoload off : VM system will not automatically reload global library macros
2017-04-30 22:15:17,648 - ResourceManager : unable to find resource 'hola.html' in any resource loader.
2017-04-30 22:19:24,812 - Log4JLogChute initialized using file 'velocity.log'
2017-04-30 22:19:24,814 - Initializing Velocity, Calling init()...
2017-04-30 22:19:24,814 - Starting Apache Velocity v1.7 (compiled: 2010-11-19 12:14:37)
2017-04-30 22:19:24,814 - Default Properties File: org\apache\velocity\runtime\defaults\velocity.properties
2017-04-30 22:19:24,814 - Trying to use logger class org.apache.velocity.runtime.log.AvalonLogChute
2017-04-30 22:19:24,814 - Target log system for org.apache.velocity.runtime.log.AvalonLogChute is not available (java.lang.NoClassDefFoundError: org/apache/log/format/Formatter).  Falling back to next log system...
2017-04-30 22:19:24,814 - Trying to use logger class org.apache.velocity.runtime.log.Log4JLogChute
2017-04-30 22:19:24,814 - Using logger class org.apache.velocity.runtime.log.Log4JLogChute
2017-04-30 22:19:24,820 - ResourceLoader instantiated: org.apache.velocity.runtime.resource.loader.ClasspathResourceLoader
2017-04-30 22:19:24,850 - ResourceCache: initialized (class org.apache.velocity.runtime.resource.ResourceCacheImpl) with class java.util.Collections$SynchronizedMap cache map.
2017-04-30 22:19:24,852 - Loaded System Directive: org.apache.velocity.runtime.directive.Stop
2017-04-30 22:19:24,853 - Loaded System Directive: org.apache.velocity.runtime.directive.Define
2017-04-30 22:19:24,854 - Loaded System Directive: org.apache.velocity.runtime.directive.Break
2017-04-30 22:19:24,855 - Loaded System Directive: org.apache.velocity.runtime.directive.Evaluate
2017-04-30 22:19:24,856 - Loaded System Directive: org.apache.velocity.runtime.directive.Literal
2017-04-30 22:19:24,857 - Loaded System Directive: org.apache.velocity.runtime.directive.Macro
2017-04-30 22:19:24,861 - Loaded System Directive: org.apache.velocity.runtime.directive.Parse
2017-04-30 22:19:24,865 - Loaded System Directive: org.apache.velocity.runtime.directive.Include
2017-04-30 22:19:24,867 - Loaded System Directive: org.apache.velocity.runtime.directive.Foreach
2017-04-30 22:19:24,938 - Created '20' parsers.
2017-04-30 22:19:24,949 - Velocimacro : "velocimacro.library" is not set.  Trying default library: VM_global_library.vm
2017-04-30 22:19:24,950 - Could not load resource 'VM_global_library.vm' from ResourceLoader org.apache.velocity.runtime.resource.loader.ClasspathResourceLoader: ClasspathResourceLoader Error: cannot find resource VM_global_library.vm
2017-04-30 22:19:24,950 - Velocimacro : Default library not found.
2017-04-30 22:19:24,950 - Velocimacro : allowInline = true : VMs can be defined inline in templates
2017-04-30 22:19:24,950 - Velocimacro : allowInlineToOverride = false : VMs defined inline may NOT replace previous VM definitions
2017-04-30 22:19:24,950 - Velocimacro : allowInlineLocal = false : VMs defined inline will be global in scope if allowed.
2017-04-30 22:19:24,950 - Velocimacro : autoload off : VM system will not automatically reload global library macros
2017-04-30 22:19:24,984 - ResourceManager : found templates/hello.vtl with loader org.apache.velocity.runtime.resource.loader.ClasspathResourceLoader
2017-04-30 22:22:35,320 - ResourceManager : found templates/hello.vtl with loader org.apache.velocity.runtime.resource.loader.ClasspathResourceLoader
2017-04-30 22:22:36,330 - ResourceManager : found templates/hello.vtl with loader org.apache.velocity.runtime.resource.loader.ClasspathResourceLoader
2017-04-30 22:22:36,521 - ResourceManager : found templates/hello.vtl with loader org.apache.velocity.runtime.resource.loader.ClasspathResourceLoader
2017-04-30 22:22:36,718 - ResourceManager : found templates/hello.vtl with loader org.apache.velocity.runtime.resource.loader.ClasspathResourceLoader
2017-04-30 22:23:45,118 - Log4JLogChute initialized using file 'velocity.log'
2017-04-30 22:23:45,118 - Initializing Velocity, Calling init()...
2017-04-30 22:23:45,118 - Starting Apache Velocity v1.7 (compiled: 2010-11-19 12:14:37)
2017-04-30 22:23:45,118 - Default Properties File: org\apache\velocity\runtime\defaults\velocity.properties
2017-04-30 22:23:45,118 - Trying to use logger class org.apache.velocity.runtime.log.AvalonLogChute
2017-04-30 22:23:45,118 - Target log system for org.apache.velocity.runtime.log.AvalonLogChute is not available (java.lang.NoClassDefFoundError: org/apache/log/format/Formatter).  Falling back to next log system...
2017-04-30 22:23:45,118 - Trying to use logger class org.apache.velocity.runtime.log.Log4JLogChute
2017-04-30 22:23:45,119 - Using logger class org.apache.velocity.runtime.log.Log4JLogChute
2017-04-30 22:23:45,126 - ResourceLoader instantiated: org.apache.velocity.runtime.resource.loader.ClasspathResourceLoader
2017-04-30 22:23:45,162 - ResourceCache: initialized (class org.apache.velocity.runtime.resource.ResourceCacheImpl) with class java.util.Collections$SynchronizedMap cache map.
2017-04-30 22:23:45,164 - Loaded System Directive: org.apache.velocity.runtime.directive.Stop
2017-04-30 22:23:45,166 - Loaded System Directive: org.apache.velocity.runtime.directive.Define
2017-04-30 22:23:45,166 - Loaded System Directive: org.apache.velocity.runtime.directive.Break
2017-04-30 22:23:45,168 - Loaded System Directive: org.apache.velocity.runtime.directive.Evaluate
2017-04-30 22:23:45,168 - Loaded System Directive: org.apache.velocity.runtime.directive.Literal
2017-04-30 22:23:45,171 - Loaded System Directive: org.apache.velocity.runtime.directive.Macro
2017-04-30 22:23:45,174 - Loaded System Directive: org.apache.velocity.runtime.directive.Parse
2017-04-30 22:23:45,175 - Loaded System Directive: org.apache.velocity.runtime.directive.Include
2017-04-30 22:23:45,176 - Loaded System Directive: org.apache.velocity.runtime.directive.Foreach
2017-04-30 22:23:45,222 - Created '20' parsers.
2017-04-30 22:23:45,230 - Velocimacro : "velocimacro.library" is not set.  Trying default library: VM_global_library.vm
2017-04-30 22:23:45,230 - Could not load resource 'VM_global_library.vm' from ResourceLoader org.apache.velocity.runtime.resource.loader.ClasspathResourceLoader: ClasspathResourceLoader Error: cannot find resource VM_global_library.vm
2017-04-30 22:23:45,230 - Velocimacro : Default library not found.
2017-04-30 22:23:45,230 - Velocimacro : allowInline = true : VMs can be defined inline in templates
2017-04-30 22:23:45,230 - Velocimacro : allowInlineToOverride = false : VMs defined inline may NOT replace previous VM definitions
2017-04-30 22:23:45,231 - Velocimacro : allowInlineLocal = false : VMs defined inline will be global in scope if allowed.
2017-04-30 22:23:45,231 - Velocimacro : autoload off : VM system will not automatically reload global library macros
2017-04-30 22:23:45,239 - ResourceManager : found templates/hello.vtl with loader org.apache.velocity.runtime.resource.loader.ClasspathResourceLoader
